<?xml version="1.0" encoding="UTF-8"?>
<testsuite name="com.userregistration.UserRegistrationTest" tests="10" skipped="0" failures="0" errors="0" timestamp="2022-04-26T06:50:16" hostname="DESKTOP-2DPSHTI" time="0.175">
  <properties/>
  <testcase name="multipleEmail_WhenValid_NotThrowException()" classname="com.userregistration.UserRegistrationTest" time="0.073"/>
  <testcase name="givenEmail_WhenNotValid_ThrowMyCustomException()" classname="com.userregistration.UserRegistrationTest" time="0.008"/>
  <testcase name="givenName_WhenShort_ThrowMyCustomException()" classname="com.userregistration.UserRegistrationTest" time="0.004"/>
  <testcase name="givenPassWord_WhenValid_NotThrowException()" classname="com.userregistration.UserRegistrationTest" time="0.006"/>
  <testcase name="givenEmail_WhenValid_NotThrowException()" classname="com.userregistration.UserRegistrationTest" time="0.005"/>
  <testcase name="multipleEmail_WhenNotValid_ThrowMyCustomException()" classname="com.userregistration.UserRegistrationTest" time="0.032"/>
  <testcase name="givenName_WhenValid_NotThrowException()" classname="com.userregistration.UserRegistrationTest" time="0.006"/>
  <testcase name="givenPhoneNO_WhenNoCountryCode_ThrowMyCustomException()" classname="com.userregistration.UserRegistrationTest" time="0.004"/>
  <testcase name="givenPassWord_WhenHaveMoreCharacters_ThrowMyCustomException()" classname="com.userregistration.UserRegistrationTest" time="0.007"/>
  <testcase name="givenPhoneNo_WhenValid_NotThrowException()" classname="com.userregistration.UserRegistrationTest" time="0.004"/>
  <system-out><![CDATA[]]></system-out>
  <system-err><![CDATA[]]></system-err>
</testsuite>
